multiShimmerTemplate/build/outputs/logs/manifest-merger-debug-report.txt
-- Merging decision tree log ---
manifest
ADDED from src\main\AndroidManifest.xml:2:1-47:12
	package
		ADDED from src\main\AndroidManifest.xml:4:5-55
		INJECTED from src\main\AndroidManifest.xml
		INJECTED from src\main\AndroidManifest.xml
	android:versionName
		ADDED from src\main\AndroidManifest.xml:6:5-30
		INJECTED from src\main\AndroidManifest.xml
		INJECTED from src\main\AndroidManifest.xml
	xmlns:tools
		ADDED from src\main\AndroidManifest.xml:3:5-51
	android:versionCode
		ADDED from src\main\AndroidManifest.xml:5:5-28
		INJECTED from src\main\AndroidManifest.xml
		INJECTED from src\main\AndroidManifest.xml
	xmlns:android
		ADDED from src\main\AndroidManifest.xml:2:11-69
uses-sdk
ADDED from src\main\AndroidManifest.xml:8:5-10:41
MERGED from [MultiShimmerTemplate2:shimmerAndroidInstrumentDriver:unspecified] AndroidManifest.xml:8:5-10:41
	android:targetSdkVersion
		ADDED from src\main\AndroidManifest.xml:10:9-38
		INJECTED from src\main\AndroidManifest.xml
		INJECTED from src\main\AndroidManifest.xml
	android:minSdkVersion
		ADDED from src\main\AndroidManifest.xml:9:9-35
		INJECTED from src\main\AndroidManifest.xml
		INJECTED from src\main\AndroidManifest.xml
uses-permission#android.permission.BLUETOOTH_ADMIN
ADDED from src\main\AndroidManifest.xml:11:5-90
	android:name
		ADDED from src\main\AndroidManifest.xml:11:22-71
uses-permission#android.permission.BLUETOOTH
ADDED from src\main\AndroidManifest.xml:12:2-81
	android:name
		ADDED from src\main\AndroidManifest.xml:12:19-62
uses-permission#android.permission.WRITE_EXTERNAL_STORAGE
ADDED from src\main\AndroidManifest.xml:13:2-94
	android:name
		ADDED from src\main\AndroidManifest.xml:13:19-75
uses-permission#android.permission.INTERNET
ADDED from src\main\AndroidManifest.xml:14:2-64
	android:name
		ADDED from src\main\AndroidManifest.xml:14:19-61
uses-permission#android.permission.ACCESS_NETWORK_STATE
ADDED from src\main\AndroidManifest.xml:15:2-76
	android:name
		ADDED from src\main\AndroidManifest.xml:15:19-73
uses-permission#android.permission.ACCESS_WIFI_STATE
ADDED from src\main\AndroidManifest.xml:16:2-73
	android:name
		ADDED from src\main\AndroidManifest.xml:16:19-70
application
ADDED from src\main\AndroidManifest.xml:17:5-44:19
MERGED from [MultiShimmerTemplate2:shimmerAndroidInstrumentDriver:unspecified] AndroidManifest.xml:12:5-18:19
	android:label
		ADDED from src\main\AndroidManifest.xml:21:9-41
	android:allowBackup
		ADDED from src\main\AndroidManifest.xml:19:9-35
	android:icon
		ADDED from src\main\AndroidManifest.xml:20:9-46
		REJECTED from [MultiShimmerTemplate2:shimmerAndroidInstrumentDriver:unspecified] AndroidManifest.xml:14:9-45
	android:theme
		ADDED from src\main\AndroidManifest.xml:22:9-40
	tools:replace
		ADDED from src\main\AndroidManifest.xml:18:9-37
activity#com.shimmerresearch.multishimmertemplate.MainActivity
ADDED from src\main\AndroidManifest.xml:23:9-31:20
	android:label
		ADDED from src\main\AndroidManifest.xml:25:13-45
	android:name
		ADDED from src\main\AndroidManifest.xml:24:13-81
intent-filter#android.intent.action.MAIN+android.intent.category.LAUNCHER
ADDED from src\main\AndroidManifest.xml:26:13-30:29
action#android.intent.action.MAIN
ADDED from src\main\AndroidManifest.xml:27:17-69
	android:name
		ADDED from src\main\AndroidManifest.xml:27:25-66
category#android.intent.category.LAUNCHER
ADDED from src\main\AndroidManifest.xml:29:17-77
	android:name
		ADDED from src\main\AndroidManifest.xml:29:27-74
activity#com.shimmerresearch.multishimmertemplate.DeviceListActivity
ADDED from src\main\AndroidManifest.xml:41:9-190
	android:label
		ADDED from src\main\AndroidManifest.xml:41:94-123
	android:theme
		ADDED from src\main\AndroidManifest.xml:41:124-178
	android:name
		ADDED from src\main\AndroidManifest.xml:41:19-93
service#com.shimmerresearch.service.MultiShimmerTemplateService
ADDED from src\main\AndroidManifest.xml:42:9-114
	android:enabled
		ADDED from src\main\AndroidManifest.xml:42:18-40
	android:name
		ADDED from src\main\AndroidManifest.xml:42:41-111